events.js:183
      throw er; // Unhandled 'error' event
      ^

Error: listen EADDRINUSE :::80
    at Object._errnoException (util.js:1022:11)
    at _exceptionWithHostPort (util.js:1044:20)
    at Server.setupListenHandle [as _listen2] (net.js:1367:14)
    at listenInCluster (net.js:1408:12)
    at Server.listen (net.js:1492:7)
    at Object.<anonymous> (/var/www/html/node2/servido/index.js:4:8)
    at Module._compile (module.js:652:30)
    at Object.Module._extensions..js (module.js:663:10)
    at Module.load (module.js:565:32)
    at tryModuleLoad (module.js:505:12)
a@a
ligar
g@g
ligadoHorario
a@a
desligar
g@g
desligar
a@a
desligar
g@g
desligar
a@a
ligar
g@g
ligadoHorario
a@a
emergercia
g@g
comandoInvalido
a@a
emergencia
g@g
emergencia
a@a
emergencia
g@g
emergencia
a@a
emergencia
g@g
emergencia
a@a
emergencia
g@g
emergencia
a@a
ligar
g@g
ligadoHorario
a@a
ligar
g@g
ligadoHorario
a@a
emergencia
g@g
emergencia
a@a
emergencia
g@g
emergencia
a@a
horario
g@g
comandoInvalido
a@a
sentidohorario
g@g
comandoInvalido
a@a
status
g@g
emergencia
a@a
status
g@g
desligar
a@a
horario
g@g
comandoInvalido
a@a
ligar
g@g
ligadoHorario
a@a
status
g@g
desligar
a@a
ligar
g@g
ligadoHorario
a@a
status
g@g
ligadoHorario
a@a
ligadoReverso
a@a
ligadoReverso
g@g
ligadoReverso
g@g
ligadoReverso
a@a
desligar
g@g
desligar
a@a
emergencia
g@g
emergencia
a@a
desligar
g@g
desligar
a@a
ligar
g@g
ligadoReverso
a@a
ligadoHorario
g@g
ligadoHorario
a@a
ligadoReverso
g@g
ligadoReverso
a@a
ligadoHorario
g@g
ligadoHorario
a@a
desligar
g@g
desligar
a@a
emergencia
g@g
emergencia
a@a
status
g@g
emergencia
a@a
desligar
g@g
desligar
a@a
ligar
g@g
ligadoHorario
a@a
desligar
g@g
desligar
a@a
emergencia
g@g
emergencia
